<?xml version="1.0" encoding="UTF-8"?>
<!-- Generated by org.testng.reporters.JUnitXMLReporter -->
<testsuite ignored="0" hostname="LAPTOP-NPQ5HL7M" failures="0" tests="5" name="Chrome Test" time="20.369" errors="0" timestamp="2024-08-28T14:34:15 IST">
  <testcase classname="testScript.LoginTest" name="verifyTheUserIsAbleToLoginUsingInvalidPassword" time="1.197"/>
  <testcase classname="testScript.LoginTest" name="verifyTheUserIsAbleToLoginUsingInvalidUsername" time="0.614"/>
  <testcase classname="testScript.LoginTest" name="verifyTheUserIsAbleToLoginUsingInvalidUsernameAndPassword" time="0.97"/>
  <testcase classname="testScript.LoginTest" name="verifyTheUserIsAbleToLoginUsingValidCredentials" time="0.963"/>
  <testcase classname="testScript.ManageFooterTextTest" name="verifyUserIsAbleToEditFooterTextDetails" time="2.262"/>
</testsuite> <!-- Chrome Test -->
