<?xml version="1.0" encoding="UTF-8"?>
<!-- Generated by org.testng.reporters.JUnitXMLReporter -->
<testsuite ignored="3" hostname="LAPTOP-NPQ5HL7M" failures="0" tests="1" name="Test" time="9.615" errors="0" timestamp="2024-08-27T15:02:53 IST">
  <testcase classname="testScript.LoginTest" name="verifyTheUserIsAbleToLoginUsingValidCredentials" time="2.397"/>
  <testcase classname="testScript.LoginTest" name="verifyTheUserIsAbleToLoginUsingInvalidUsernameAndPassword" time="0.0">
    <ignored/>
  </testcase> <!-- verifyTheUserIsAbleToLoginUsingInvalidUsernameAndPassword -->
  <testcase classname="testScript.LoginTest" name="verifyTheUserIsAbleToLoginUsingInvalidPassword" time="0.0">
    <ignored/>
  </testcase> <!-- verifyTheUserIsAbleToLoginUsingInvalidPassword -->
  <testcase classname="testScript.LoginTest" name="verifyTheUserIsAbleToLoginUsingInvalidUsername" time="0.0">
    <ignored/>
  </testcase> <!-- verifyTheUserIsAbleToLoginUsingInvalidUsername -->
</testsuite> <!-- Test -->
