<?xml version="1.0" encoding="UTF-8"?>
<testng-results ignored="0" total="1" passed="1" failed="0" skipped="0">
  <reporter-output>
  </reporter-output>
  <suite started-at="2024-09-12T00:38:59 IST" name="Suite" finished-at="2024-09-12T00:39:10 IST" duration-ms="11491">
    <groups>
    </groups>
    <test started-at="2024-09-12T00:38:59 IST" name="Chrome Test" finished-at="2024-09-12T00:39:10 IST" duration-ms="11491">
      <class name="testScript.ManageContactTest">
        <test-method is-config="true" signature="initializeBrowser(java.lang.String)[pri:0, instance:testScript.ManageContactTest@c05fddc]" started-at="2024-09-12T00:38:59 IST" name="initializeBrowser" finished-at="2024-09-12T00:39:06 IST" duration-ms="7137" status="PASS">
          <params>
            <param index="0">
              <value>
                <![CDATA[Chrome]]>
              </value>
            </param>
          </params>
          <reporter-output>
          </reporter-output>
        </test-method> <!-- initializeBrowser -->
        <test-method signature="verifyUserIsAbleToEditContact()[pri:0, instance:testScript.ManageContactTest@c05fddc]" started-at="2024-09-12T00:39:06 IST" name="verifyUserIsAbleToEditContact" description="Verify that the user is able to Edit an Existing Contact in the Supermarket app" finished-at="2024-09-12T00:39:10 IST" duration-ms="3711" status="PASS">
          <reporter-output>
          </reporter-output>
        </test-method> <!-- verifyUserIsAbleToEditContact -->
        <test-method is-config="true" signature="browserQuit(org.testng.ITestResult)[pri:0, instance:testScript.ManageContactTest@c05fddc]" started-at="2024-09-12T00:39:10 IST" name="browserQuit" finished-at="2024-09-12T00:39:10 IST" duration-ms="581" status="PASS">
          <params>
            <param index="0">
              <value>
                <![CDATA[[TestResult name=verifyUserIsAbleToEditContact status=SUCCESS method=ManageContactTest.verifyUserIsAbleToEditContact()[pri:0, instance:testScript.ManageContactTest@c05fddc] output={null}]]]>
              </value>
            </param>
          </params>
          <reporter-output>
          </reporter-output>
        </test-method> <!-- browserQuit -->
      </class> <!-- testScript.ManageContactTest -->
    </test> <!-- Chrome Test -->
  </suite> <!-- Suite -->
</testng-results>
